<?xml version="1.0" encoding="UTF-8"?>
<!-- Generated by org.testng.reporters.JUnitReportReporter -->
<testsuite hostname="FVFHXHU3Q6LR" failures="0" tests="10" name="runner.TestRunner" time="101.494" errors="0" timestamp="2024-09-15T13:46:36 IST" skipped="0">
  <testcase classname="runner.TestRunner" name="runScenario" time="3.696"/>
  <testcase classname="runner.TestRunner" name="runScenario" time="2.481"/>
  <testcase classname="runner.TestRunner" name="runScenario" time="69.263"/>
  <testcase classname="runner.TestRunner" name="runScenario" time="3.587"/>
  <testcase classname="runner.TestRunner" name="runScenario" time="4.358"/>
  <testcase classname="runner.TestRunner" name="runScenario" time="3.703"/>
  <testcase classname="runner.TestRunner" name="runScenario" time="3.195"/>
  <testcase classname="runner.TestRunner" name="runScenario" time="3.245"/>
  <testcase classname="runner.TestRunner" name="runScenario" time="4.887"/>
  <testcase classname="runner.TestRunner" name="runScenario" time="3.079"/>
</testsuite> <!-- runner.TestRunner -->
