<?xml version="1.0" encoding="UTF-8"?>
<!-- Generated by org.testng.reporters.JUnitReportReporter -->
<testsuite hostname="DESKTOP-A0VOTMT" failures="0" tests="12" name="runner.TestRunner" time="0.266" errors="0" timestamp="2025-07-17T13:23:30 IST" skipped="0">
  <testcase classname="runner.TestRunner" name="runScenario" time="0.011"/>
  <testcase classname="runner.TestRunner" name="runScenario" time="0.011"/>
  <testcase classname="runner.TestRunner" name="runScenario" time="0.011"/>
  <testcase classname="runner.TestRunner" name="runScenario" time="0.010"/>
  <testcase classname="runner.TestRunner" name="runScenario" time="0.009"/>
  <testcase classname="runner.TestRunner" name="runScenario" time="0.009"/>
  <testcase classname="runner.TestRunner" name="runScenario" time="0.151"/>
  <testcase classname="runner.TestRunner" name="runScenario" time="0.009"/>
  <testcase classname="runner.TestRunner" name="runScenario" time="0.017"/>
  <testcase classname="runner.TestRunner" name="runScenario" time="0.009"/>
  <testcase classname="runner.TestRunner" name="runScenario" time="0.012"/>
  <testcase classname="runner.TestRunner" name="runScenario" time="0.007"/>
</testsuite> <!-- runner.TestRunner -->
