<?xml version="1.0" encoding="UTF-8"?>
<!-- Generated by org.testng.reporters.JUnitReportReporter -->
<testsuite hostname="DESKTOP-A0VOTMT" failures="0" tests="12" name="runner.TestRunner" time="54.868" errors="0" timestamp="2025-07-17T13:53:07 IST" skipped="0">
  <testcase classname="runner.TestRunner" name="runScenario" time="3.277"/>
  <testcase classname="runner.TestRunner" name="runScenario" time="3.315"/>
  <testcase classname="runner.TestRunner" name="runScenario" time="4.779"/>
  <testcase classname="runner.TestRunner" name="runScenario" time="2.980"/>
  <testcase classname="runner.TestRunner" name="runScenario" time="3.487"/>
  <testcase classname="runner.TestRunner" name="runScenario" time="2.477"/>
  <testcase classname="runner.TestRunner" name="runScenario" time="5.383"/>
  <testcase classname="runner.TestRunner" name="runScenario" time="15.493"/>
  <testcase classname="runner.TestRunner" name="runScenario" time="2.855"/>
  <testcase classname="runner.TestRunner" name="runScenario" time="2.464"/>
  <testcase classname="runner.TestRunner" name="runScenario" time="3.285"/>
  <testcase classname="runner.TestRunner" name="runScenario" time="5.073"/>
</testsuite> <!-- runner.TestRunner -->
